android/build/intermediates/manifest_merge_blame_file/debug/processDebugManifest/manifest-merger-blame-debug-report.txt
1<?xml version="1.0" encoding="utf-8"?>
2<manifest xmlns:android="http://schemas.android.com/apk/res/android"
3    package="expo.modules.zeroconf" >
4
5    <uses-sdk android:minSdkVersion="24" />
6
7    <uses-permission android:name="android.permission.INTERNET" />
7-->src/main/AndroidManifest.xml:5:5-67
7-->src/main/AndroidManifest.xml:5:22-64
8    <uses-permission android:name="android.permission.CHANGE_WIFI_MULTICAST_STATE" />
8-->src/main/AndroidManifest.xml:6:5-86
8-->src/main/AndroidManifest.xml:6:22-83
9    <uses-permission android:name="android.permission.ACCESS_WIFI_STATE" />
9-->src/main/AndroidManifest.xml:7:5-76
9-->src/main/AndroidManifest.xml:7:22-73
10    <uses-permission android:name="android.permission.ACCESS_NETWORK_STATE" />
10-->src/main/AndroidManifest.xml:8:5-79
10-->src/main/AndroidManifest.xml:8:22-76
11
12</manifest>